<?xml version="1.0" encoding="UTF-8"?>
<!-- Generated by org.testng.reporters.JUnitXMLReporter -->
<testsuite hostname="LAPTOP-29E7URT6" ignored="10" name="Fund Transfer" tests="6" failures="1" timestamp="18 Nov 2021 04:07:39 GMT" time="52.859" errors="0">
  <testcase name="@BeforeClass isSkip" time="0.001" classname="testCases.CreateAnAccountToMyStore2">
    <skipped/>
  </testcase> <!-- @BeforeClass isSkip -->
  <testcase name="@BeforeClass isSkip" time="0.001" classname="testCases.CreateAnAccountToMyStore3">
    <skipped/>
  </testcase> <!-- @BeforeClass isSkip -->
  <testcase name="@BeforeClass isSkip" time="0.002" classname="testCases.CreateAnAccountToMyStore4">
    <skipped/>
  </testcase> <!-- @BeforeClass isSkip -->
  <testcase name="@BeforeClass isSkip" time="0.002" classname="testCases.EndToEndTestCase">
    <skipped/>
  </testcase> <!-- @BeforeClass isSkip -->
  <testcase name="loginWithRegisteredUser" time="47.114" classname="testCases.LoginWithRegisteredUser"/>
  <testcase name="loginWithRegisteredUser2" time="3.538" classname="testCases.LoginWithRegisteredUser2">
    <failure type="java.lang.AssertionError" message="expected [My Store] but found [508 Resource Limit Is Reached]">
      <![CDATA[java.lang.AssertionError: expected [My Store] but found [508 Resource Limit Is Reached]
at utility.CommonMethods.verifyPageTitle(CommonMethods.java:42)
at pages.AuthenticationPage.loginWithAlreadyRegistredUser(AuthenticationPage.java:24)
at testCases.LoginWithRegisteredUser2.loginWithRegisteredUser2(LoginWithRegisteredUser2.java:38)
... Removed 34 stack frames]]>
    </failure>
  </testcase> <!-- loginWithRegisteredUser2 -->
  <testcase name="createAnAccountToMyStore2" time="0.0" classname="testCases.CreateAnAccountToMyStore2">
    <skipped/>
  </testcase> <!-- createAnAccountToMyStore2 -->
  <testcase name="createAnAccountToMyStore3" time="0.0" classname="testCases.CreateAnAccountToMyStore3">
    <skipped/>
  </testcase> <!-- createAnAccountToMyStore3 -->
  <testcase name="createAnAccountToMyStore4" time="0.0" classname="testCases.CreateAnAccountToMyStore4">
    <skipped/>
  </testcase> <!-- createAnAccountToMyStore4 -->
  <testcase name="endToEndTestCase" time="0.0" classname="testCases.EndToEndTestCase">
    <skipped/>
  </testcase> <!-- endToEndTestCase -->
  <testcase name="@AfterSuite generateReport" time="0.0" classname="testBase.TestBase_B11">
    <ignored/>
  </testcase> <!-- @AfterSuite generateReport -->
  <testcase name="@AfterSuite generateReport" time="0.0" classname="testBase.TestBase_B11">
    <ignored/>
  </testcase> <!-- @AfterSuite generateReport -->
  <testcase name="@AfterSuite generateReport" time="0.0" classname="testBase.TestBase_B11">
    <ignored/>
  </testcase> <!-- @AfterSuite generateReport -->
  <testcase name="@AfterSuite generateReport" time="0.0" classname="testBase.TestBase_B11">
    <ignored/>
  </testcase> <!-- @AfterSuite generateReport -->
  <testcase name="@AfterSuite generateReport" time="0.0" classname="testBase.TestBase_B11">
    <ignored/>
  </testcase> <!-- @AfterSuite generateReport -->
  <testcase name="@BeforeSuite initialization" time="0.0" classname="testBase.TestBase_B11">
    <ignored/>
  </testcase> <!-- @BeforeSuite initialization -->
  <testcase name="@BeforeSuite initialization" time="0.0" classname="testBase.TestBase_B11">
    <ignored/>
  </testcase> <!-- @BeforeSuite initialization -->
  <testcase name="@BeforeSuite initialization" time="0.0" classname="testBase.TestBase_B11">
    <ignored/>
  </testcase> <!-- @BeforeSuite initialization -->
  <testcase name="@BeforeSuite initialization" time="0.0" classname="testBase.TestBase_B11">
    <ignored/>
  </testcase> <!-- @BeforeSuite initialization -->
  <testcase name="@BeforeSuite initialization" time="0.0" classname="testBase.TestBase_B11">
    <ignored/>
  </testcase> <!-- @BeforeSuite initialization -->
</testsuite> <!-- Fund Transfer -->
