<?xml version="1.0" encoding="UTF-8"?>
<!-- Generated by org.testng.reporters.JUnitXMLReporter -->
<testsuite hostname="LAPTOP-29E7URT6" ignored="8" name="Fund Transfer" tests="5" failures="1" timestamp="15 Nov 2021 15:28:52 GMT" time="77.194" errors="0">
  <testcase name="@BeforeClass isSkip" time="0.0" classname="testCases.CreateAnAccountToMyStore2">
    <skipped/>
  </testcase> <!-- @BeforeClass isSkip -->
  <testcase name="@BeforeClass isSkip" time="0.0" classname="testCases.CreateAnAccountToMyStore3">
    <skipped/>
  </testcase> <!-- @BeforeClass isSkip -->
  <testcase name="loginWithRegisteredUser" time="21.061" classname="testCases.LoginWithRegisteredUser"/>
  <testcase name="loginWithRegisteredUser2" time="27.012" classname="testCases.LoginWithRegisteredUser2"/>
  <testcase name="createAnAccountToMyStore2" time="0.001" classname="testCases.CreateAnAccountToMyStore2">
    <skipped/>
  </testcase> <!-- createAnAccountToMyStore2 -->
  <testcase name="createAnAccountToMyStore3" time="0.002" classname="testCases.CreateAnAccountToMyStore3">
    <skipped/>
  </testcase> <!-- createAnAccountToMyStore3 -->
  <testcase name="createAnAccountToMyStore4" time="26.798" classname="testCases.CreateAnAccountToMyStore4">
    <failure type="java.lang.AssertionError" message="expected [My Store] but found [Login - My Store]">
      <![CDATA[java.lang.AssertionError: expected [My Store] but found [Login - My Store]
	at utility.CommonMethods.verifyPageTitle(CommonMethods.java:42)
	at pages.AuthenticationPage.loginWithAlreadyRegistredUser(AuthenticationPage.java:24)
	at testCases.CreateAnAccountToMyStore4.createAnAccountToMyStore4(CreateAnAccountToMyStore4.java:52)
... Removed 31 stack frames]]>
    </failure>
  </testcase> <!-- createAnAccountToMyStore4 -->
  <testcase name="@AfterSuite generateReport" time="0.0" classname="testBase.TestBase_B11">
    <ignored/>
  </testcase> <!-- @AfterSuite generateReport -->
  <testcase name="@AfterSuite generateReport" time="0.0" classname="testBase.TestBase_B11">
    <ignored/>
  </testcase> <!-- @AfterSuite generateReport -->
  <testcase name="@AfterSuite generateReport" time="0.0" classname="testBase.TestBase_B11">
    <ignored/>
  </testcase> <!-- @AfterSuite generateReport -->
  <testcase name="@AfterSuite generateReport" time="0.0" classname="testBase.TestBase_B11">
    <ignored/>
  </testcase> <!-- @AfterSuite generateReport -->
  <testcase name="@BeforeSuite initialization" time="0.0" classname="testBase.TestBase_B11">
    <ignored/>
  </testcase> <!-- @BeforeSuite initialization -->
  <testcase name="@BeforeSuite initialization" time="0.0" classname="testBase.TestBase_B11">
    <ignored/>
  </testcase> <!-- @BeforeSuite initialization -->
  <testcase name="@BeforeSuite initialization" time="0.0" classname="testBase.TestBase_B11">
    <ignored/>
  </testcase> <!-- @BeforeSuite initialization -->
  <testcase name="@BeforeSuite initialization" time="0.0" classname="testBase.TestBase_B11">
    <ignored/>
  </testcase> <!-- @BeforeSuite initialization -->
</testsuite> <!-- Fund Transfer -->
