<?xml version="1.0" encoding="UTF-8"?>
<testsuite name="TestSuite" time="28.164" tests="10" errors="0" skipped="8" failures="1">
  <properties>
[...]
</properties>
  <testcase name="loginWithRegisteredUser" classname="testCases.LoginWithRegisteredUser" time="26.992"/>
  <testcase name="loginWithRegisteredUser2" classname="testCases.LoginWithRegisteredUser2" time="1.172">
    <failure message="expected [My Store] but found [508 Resource Limit Is Reached]" type="java.lang.AssertionError">java.lang.AssertionError: expected [My Store] but found [508 Resource Limit Is Reached]
	at org.testng.Assert.fail(Assert.java:96)
	at org.testng.Assert.failNotEquals(Assert.java:776)
	at org.testng.Assert.assertEqualsImpl(Assert.java:137)
	at org.testng.Assert.assertEquals(Assert.java:118)
	at org.testng.Assert.assertEquals(Assert.java:453)
	at org.testng.Assert.assertEquals(Assert.java:463)
	at utility.CommonMethods.verifyPageTitle(CommonMethods.java:42)
	at pages.AuthenticationPage.loginWithAlreadyRegistredUser(AuthenticationPage.java:24)
	at testCases.LoginWithRegisteredUser2.loginWithRegisteredUser2(LoginWithRegisteredUser2.java:38)
</failure>
    <system-out><![CDATA[testCaseName is :-LoginWithRegisteredUser2
Executing Test Case:- LoginWithRegisteredUser2
LoginWithRegisteredUser2 test case starts from row number :- 13
Total number of columns are:- 8
Total number of iterations/rows are :- 1
***************************************************

----{Page_Title=My Store, Contact_No=678568624, Email_ID=testSagar@gmail.com, Password=passd1238, Sr.No=1.0, City=Pune, First_Name=Sagar, Last_Name=XYZ2}
User Navigated to Application_URL
Driver is closed
]]></system-out>
    <system-err><![CDATA[Starting ChromeDriver 94.0.4606.61 (418b78f5838ed0b1c69bb4e51ea0252171854915-refs/branch-heads/4606@{#1204}) on port 13215
Only local connections are allowed.
Please see https://chromedriver.chromium.org/security-considerations for suggestions on keeping ChromeDriver safe.
ChromeDriver was started successfully.
[1637208455.995][WARNING]: This version of ChromeDriver has not been tested with Chrome version 95.
Nov 18, 2021 9:37:36 AM org.openqa.selenium.remote.ProtocolHandshake createSession
INFO: Detected dialect: W3C
]]></system-err>
  </testcase>
  <testcase name="isSkip" classname="testCases.CreateAnAccountToMyStore2" time="0">
    <skipped/>
    <system-out><![CDATA[testCaseName is :-CreateAnAccountToMyStore2
]]></system-out>
  </testcase>
  <testcase name="createAnAccountToMyStore2" classname="testCases.CreateAnAccountToMyStore2" time="0">
    <skipped/>
    <system-out><![CDATA[CreateAnAccountToMyStore2 test case starts from row number :- 5
Total number of columns are:- 8
Total number of iterations/rows are :- 1
***************************************************

----{Page_Title=My Store, Contact_No=456464646, Email_ID=testArijit@gmail.com, Password=passd1236, Sr.No=1, City=Kolkata, First_Name=Arijit, Last_Name=XYZ}
]]></system-out>
  </testcase>
  <testcase name="isSkip" classname="testCases.CreateAnAccountToMyStore3" time="0">
    <skipped/>
    <system-out><![CDATA[testCaseName is :-CreateAnAccountToMyStore3
]]></system-out>
  </testcase>
  <testcase name="createAnAccountToMyStore3" classname="testCases.CreateAnAccountToMyStore3" time="0">
    <skipped/>
    <system-out><![CDATA[CreateAnAccountToMyStore3 test case starts from row number :- 17
Total number of columns are:- 8
Total number of iterations/rows are :- 1
***************************************************

----{Page_Title=My Store, Contact_No=678568624, Email_ID=testAnkita@gmail.com, Password=passd1238, Sr.No=1.0, City=Pune, First_Name=Ankita, Last_Name=XYZ2}
]]></system-out>
  </testcase>
  <testcase name="isSkip" classname="testCases.CreateAnAccountToMyStore4" time="0">
    <skipped/>
    <system-out><![CDATA[testCaseName is :-CreateAnAccountToMyStore4
]]></system-out>
  </testcase>
  <testcase name="createAnAccountToMyStore4" classname="testCases.CreateAnAccountToMyStore4" time="0">
    <skipped/>
    <system-out><![CDATA[CreateAnAccountToMyStore4 test case starts from row number :- 22
Total number of columns are:- 8
Total number of iterations/rows are :- 1
***************************************************

----{Page_Title=My Store, Contact_No=1234567, Email_ID=testRahul354345643@gmail.com, Password=passd1234, Sr.No=1, City=Pune, First_Name=Rahul Ganjare, Last_Name=sdfsdf}
]]></system-out>
  </testcase>
  <testcase name="isSkip" classname="testCases.EndToEndTestCase" time="0">
    <skipped/>
    <system-out><![CDATA[testCaseName is :-EndToEndTestCase
]]></system-out>
  </testcase>
  <testcase name="endToEndTestCase" classname="testCases.EndToEndTestCase" time="0">
    <skipped/>
    <system-out><![CDATA[EndToEndTestCase test case starts from row number :- 26
Total number of columns are:- 8
Total number of iterations/rows are :- 1
***************************************************

----{Page_Title=My Store, Contact_No=1234567, Email_ID=testRahul354345643@gmail.com, Password=passd1234, Sr.No=1, City=Pune, First_Name=EndToEnd, Last_Name=Test Case}
]]></system-out>
  </testcase>
</testsuite>